0 info it worked if it ends with ok
1 verbose cli [ '/Users/andrews/.nvm/versions/io.js/v1.6.3/bin/iojs',
1 verbose cli   '/Users/andrews/.nvm/versions/io.js/v1.6.3/bin/npm',
1 verbose cli   'start' ]
2 info using npm@2.7.4
3 info using node@v1.6.3
4 verbose run-script [ 'prestart', 'start', 'poststart' ]
5 info prestart gulp-boilerplate@1.0.0
6 info start gulp-boilerplate@1.0.0
7 verbose unsafe-perm in lifecycle true
8 info gulp-boilerplate@1.0.0 Failed to exec start script
9 verbose stack Error: gulp-boilerplate@1.0.0 start: `gulp`
9 verbose stack Exit status 1
9 verbose stack     at EventEmitter.<anonymous> (/Users/andrews/.nvm/versions/io.js/v1.6.3/lib/node_modules/npm/lib/utils/lifecycle.js:213:16)
9 verbose stack     at emitTwo (events.js:87:13)
9 verbose stack     at EventEmitter.emit (events.js:169:7)
9 verbose stack     at ChildProcess.<anonymous> (/Users/andrews/.nvm/versions/io.js/v1.6.3/lib/node_modules/npm/lib/utils/spawn.js:14:12)
9 verbose stack     at emitTwo (events.js:87:13)
9 verbose stack     at ChildProcess.emit (events.js:169:7)
9 verbose stack     at maybeClose (child_process.js:984:16)
9 verbose stack     at Process.ChildProcess._handle.onexit (child_process.js:1057:5)
10 verbose pkgid gulp-boilerplate@1.0.0
11 verbose cwd /Users/andrews/Vest/Interactive Projects/arh-landing
12 error Darwin 15.0.0
13 error argv "/Users/andrews/.nvm/versions/io.js/v1.6.3/bin/iojs" "/Users/andrews/.nvm/versions/io.js/v1.6.3/bin/npm" "start"
14 error node v1.6.3
15 error npm  v2.7.4
16 error code ELIFECYCLE
17 error gulp-boilerplate@1.0.0 start: `gulp`
17 error Exit status 1
18 error Failed at the gulp-boilerplate@1.0.0 start script 'gulp'.
18 error This is most likely a problem with the gulp-boilerplate package,
18 error not with npm itself.
18 error Tell the author that this fails on your system:
18 error     gulp
18 error You can get their info via:
18 error     npm owner ls gulp-boilerplate
18 error There is likely additional logging output above.
19 verbose exit [ 1, true ]
